54 37
1 1 1 1 1 1 1 1 1 1 1 1 1 1 1 1 1 1 1 1 1 1 1 1 1 1 1 1 1 1 1 1 1 1 1 1 1 
1 1 1 1 1 1 1 1 1 1 1 1 25 1 1 1 1 1 1 1 1 1 1 1 1 1 1 1 1 1 1 1 1 1 1 1 1 
1 1 1 1 1 1 1 1 1 1 1 24 22 25 4 1 1 1 1 1 1 1 1 1 1 1 1 1 1 1 1 1 1 1 1 1 1 
1 1 1 1 1 1 1 1 1 1 1 4 22 24 24 4 4 4 1 24 24 2 2 1 1 1 1 1 1 1 1 1 1 1 1 1 1 
1 1 1 1 1 1 1 1 1 1 1 25 22 24 24 24 24 24 4 2 12 2 2 24 1 1 1 1 1 1 1 1 1 1 1 1 1 
1 1 1 1 1 1 1 1 1 1 1 25 2 2 2 2 2 4 12 2 2 2 2 1 1 1 1 1 1 1 1 1 1 1 1 1 1 
1 1 1 1 1 1 1 1 1 1 24 2 2 2 2 2 12 16 12 16 2 2 2 24 1 1 1 1 1 1 1 1 1 1 1 1 1 
1 1 1 1 1 1 1 1 1 1 4 12 16 2 2 12 31 2 2 31 12 12 25 25 25 1 1 1 1 1 1 1 1 1 1 1 1 
1 1 1 1 1 1 1 1 1 1 4 12 2 2 12 2 24 19 19 24 19 25 24 24 24 25 24 1 1 1 1 1 1 1 1 1 1 
1 1 1 1 1 1 1 1 1 1 2 2 12 2 2 24 24 19 24 2 24 24 24 24 24 24 25 25 25 25 25 24 1 1 1 1 1 
1 1 1 1 1 1 1 1 1 1 2 3 2 2 25 19 2 24 24 19 19 24 24 24 24 24 24 24 24 24 24 4 25 24 1 1 1 
1 1 1 1 1 1 1 1 1 24 2 22 19 19 2 24 24 25 24 19 24 24 24 24 24 24 24 24 25 24 24 24 24 25 24 1 1 
1 1 1 1 1 1 1 1 1 24 22 2 19 2 2 24 25 4 24 24 24 25 19 25 19 24 24 25 2 2 19 19 2 19 22 25 1 
1 1 1 1 1 1 1 1 1 25 31 19 19 22 19 25 6 25 24 24 24 25 24 25 19 19 22 25 19 2 2 4 2 22 19 25 1 
1 1 1 1 1 1 1 1 24 22 22 19 22 2 25 6 25 22 24 24 24 25 24 2 24 24 4 24 25 22 22 24 2 19 22 24 1 
1 1 1 1 1 1 1 1 24 2 22 19 22 25 22 5 25 22 19 24 25 25 24 2 24 24 24 1 1 21 21 4 2 19 25 1 1 
1 1 1 1 1 1 1 1 25 25 22 19 2 25 25 24 2 25 25 25 25 25 24 2 24 24 2 4 1 2 2 24 19 2 24 1 1 
1 1 1 1 1 1 1 1 24 25 22 2 25 24 4 1 2 25 25 25 6 25 25 25 24 19 22 2 5 4 24 22 2 24 1 1 1 
1 1 1 1 1 1 1 1 24 25 22 22 6 30 7 24 4 22 22 7 24 25 6 25 19 2 22 2 2 2 22 25 24 1 1 1 1 
1 1 1 1 1 1 1 1 1 25 22 31 24 1 1 7 1 25 6 24 24 22 25 25 19 22 19 2 22 19 25 1 1 1 1 1 1 
1 1 1 1 1 1 1 1 1 25 22 2 4 24 24 1 1 4 1 7 7 24 6 25 19 31 19 21 22 2 1 1 1 1 1 1 1 
1 1 1 1 1 1 1 1 1 25 31 22 4 24 1 24 24 1 24 1 24 30 6 25 22 22 31 22 22 25 1 1 1 1 1 1 1 
1 1 1 1 1 1 1 1 1 24 22 22 6 1 1 7 6 6 24 24 24 1 30 22 31 22 31 22 22 24 1 1 1 1 1 1 1 
1 1 1 1 1 1 1 1 1 25 22 22 22 2 1 5 4 4 25 24 4 4 6 5 2 31 22 2 22 24 1 1 1 1 1 1 1 
1 1 1 1 1 1 1 1 24 22 22 22 22 22 2 4 4 25 24 24 24 6 1 1 22 31 22 19 22 1 1 1 1 1 1 1 1 
1 1 1 1 1 1 1 1 24 22 22 22 22 2 22 31 5 25 25 5 31 3 2 2 22 31 19 19 22 24 1 1 1 1 1 1 1 
1 1 1 1 1 1 1 1 25 22 25 22 22 25 22 5 2 2 1 1 4 24 31 3 22 21 19 19 2 1 1 1 1 1 1 1 1 
1 1 1 1 1 1 1 1 25 22 25 25 22 2 24 5 2 5 2 22 2 22 3 22 31 22 2 19 2 1 1 1 1 1 1 1 1 
1 1 1 1 1 1 1 1 25 19 25 24 25 22 4 1 2 1 2 24 4 2 22 22 3 22 19 2 2 24 1 1 1 1 1 1 1 
1 1 1 1 1 24 4 4 25 2 25 1 24 6 1 24 5 24 2 4 2 25 22 22 22 31 19 2 22 24 1 1 1 1 1 1 1 
1 1 1 1 24 4 4 24 2 25 2 25 2 2 24 4 2 2 2 2 4 2 22 2 22 31 2 2 22 24 1 1 1 1 1 1 1 
1 1 1 1 24 4 4 25 2 13 2 2 5 1 5 1 2 25 2 2 25 2 22 25 22 22 2 2 22 25 1 1 1 1 1 1 1 
1 1 1 1 4 25 25 25 12 1 1 1 1 1 4 1 31 24 25 2 2 2 22 24 22 2 2 2 2 25 24 1 1 1 1 1 1 
1 1 1 24 4 25 25 25 13 1 1 1 1 1 5 2 7 24 6 24 2 7 2 19 25 2 2 2 22 24 25 24 1 1 1 1 1 
1 1 24 24 24 25 25 13 2 1 1 1 24 1 24 4 5 25 4 1 2 13 25 25 2 25 2 2 22 25 1 24 1 1 1 1 1 
1 1 24 24 4 4 25 13 2 1 1 1 5 4 2 24 1 2 1 1 24 13 2 6 24 4 2 2 22 22 24 1 1 1 1 1 1 
1 1 24 4 4 4 25 12 2 1 1 4 24 4 2 1 1 1 1 1 24 2 12 12 25 24 25 2 2 22 25 24 1 1 1 1 1 
1 1 24 4 4 4 25 12 2 24 24 4 24 1 2 1 1 1 1 24 4 24 13 2 13 2 2 25 25 22 19 24 1 1 1 1 1 
1 1 24 4 4 4 25 16 13 2 2 4 24 4 2 5 4 1 24 1 1 24 12 2 12 12 2 25 25 25 19 25 1 1 1 1 1 
1 24 24 4 4 4 25 2 13 13 13 2 2 2 13 13 4 5 24 1 1 24 2 12 2 12 2 25 25 25 19 25 1 1 1 1 1 
1 24 24 24 4 4 4 25 2 13 2 2 2 12 12 13 12 1 1 1 24 4 13 12 2 12 2 25 25 25 19 25 24 1 1 1 1 
1 24 24 24 24 25 25 25 2 12 2 2 2 2 2 12 13 2 4 1 24 2 13 2 13 2 2 25 25 2 19 25 24 24 1 1 1 
1 1 1 1 24 25 25 25 25 2 2 2 2 2 2 13 13 13 2 12 2 13 13 13 2 2 25 6 25 19 22 24 24 24 1 1 1 
1 1 1 1 1 25 25 25 25 26 2 2 2 16 2 12 13 13 13 13 13 12 2 12 2 25 25 25 25 19 22 24 24 1 1 1 1 
1 1 1 1 1 1 24 4 4 25 25 2 2 2 12 12 16 16 16 2 2 2 12 2 25 25 25 25 19 22 25 4 4 24 1 1 1 
1 1 1 1 1 1 1 1 24 4 25 25 25 25 25 26 6 2 6 6 6 25 25 25 6 25 25 22 22 25 24 4 4 24 1 1 1 
1 1 1 1 1 1 1 24 1 25 4 25 25 6 6 6 25 25 25 25 25 6 6 6 25 25 4 22 22 25 4 4 4 1 1 1 1 
1 1 1 1 1 1 1 1 24 25 25 25 25 25 25 25 25 25 25 6 6 25 25 4 1 1 4 2 25 4 4 4 24 1 1 1 1 
1 1 1 1 1 1 1 1 1 4 25 25 25 25 25 25 4 4 25 25 25 25 4 1 1 4 25 25 4 4 4 24 1 1 1 1 1 
1 1 1 1 1 1 1 1 1 1 24 24 24 24 24 1 1 4 4 4 25 24 24 4 4 25 4 4 4 4 1 1 1 1 1 1 1 
1 1 1 1 1 1 1 1 1 1 1 1 1 1 1 1 1 24 4 4 4 25 25 25 25 4 4 4 4 1 1 1 1 1 1 1 1 
1 1 1 1 1 1 1 1 1 1 1 1 1 1 1 1 1 1 25 4 4 4 4 4 4 4 4 24 1 1 1 1 1 1 1 1 1 
1 1 1 1 1 1 1 1 1 1 1 1 1 1 1 1 1 1 1 4 4 4 4 4 24 1 1 1 1 1 1 1 1 1 1 1 1 
1 1 1 1 1 1 1 1 1 1 1 1 1 1 1 1 1 1 1 1 1 1 1 1 1 1 1 1 1 1 1 1 1 1 1 1 1 
